<?xml version="1.0" encoding="UTF-8"?>
<robot generator="Robot 3.1 (Python 3.7.1 on win32)" generated="20181217 17:19:47.613" rpa="false">
<suite id="s1" name="Clasesif" source="C:\Users\CoalaGroup\Desktop\automation-tests\clasesif.robot">
<test id="s1-t1" name="001 Caso con condicionales">
<kw name="Open Browser" library="Selenium2Library">
<doc>Opens a new browser instance to the given ``url``.</doc>
<arguments>
<arg>${homepage}</arg>
<arg>${browser}</arg>
</arguments>
<msg timestamp="20181217 17:19:48.700" level="INFO">Opening browser 'chrome' to base url 'http://automationpractice.com/index.php'.</msg>
<status status="PASS" starttime="20181217 17:19:48.700" endtime="20181217 17:20:04.915"></status>
</kw>
<kw name="Wait Until Element Is Visible" library="Selenium2Library">
<doc>Waits until element ``locator`` is visible.</doc>
<arguments>
<arg>xpath=//*[@id="header_logo"]/a/img</arg>
</arguments>
<status status="PASS" starttime="20181217 17:20:04.916" endtime="20181217 17:20:04.976"></status>
</kw>
<kw name="Run Keyword If" library="BuiltIn">
<doc>Runs the given keyword with the given arguments, if ``condition`` is true.</doc>
<arguments>
<arg>'${select}'=='Women'</arg>
<arg>Select Women Option</arg>
</arguments>
<kw name="Select Women Option">
<kw name="Click Element xpath=//*[@id=&quot;block_top_menu&quot;]/ul/li[1]/a">
<msg timestamp="20181217 17:20:04.984" level="FAIL">No keyword with name 'Click Element xpath=//*[@id="block_top_menu"]/ul/li[1]/a' found.</msg>
<status status="FAIL" starttime="20181217 17:20:04.983" endtime="20181217 17:20:04.984"></status>
</kw>
<status status="FAIL" starttime="20181217 17:20:04.977" endtime="20181217 17:20:04.984"></status>
</kw>
<status status="FAIL" starttime="20181217 17:20:04.976" endtime="20181217 17:20:04.984"></status>
</kw>
<status status="FAIL" starttime="20181217 17:19:48.700" endtime="20181217 17:20:04.985" critical="yes">No keyword with name 'Click Element xpath=//*[@id="block_top_menu"]/ul/li[1]/a' found.</status>
</test>
<status status="FAIL" starttime="20181217 17:19:47.613" endtime="20181217 17:20:05.034"></status>
</suite>
<statistics>
<total>
<stat pass="0" fail="1">Critical Tests</stat>
<stat pass="0" fail="1">All Tests</stat>
</total>
<tag>
</tag>
<suite>
<stat pass="0" fail="1" id="s1" name="Clasesif">Clasesif</stat>
</suite>
</statistics>
<errors>
</errors>
</robot>
